<?xml version="1.0" encoding="UTF-8"?>
<!-- Generated by org.testng.reporters.JUnitReportReporter -->
<testsuite hostname="Naganagouda" failures="0" tests="1" name="testCase.Dropdown" time="13.820" errors="0" timestamp="2025-05-15T16:48:41 IST" skipped="0">
  <testcase classname="testCase.Dropdown" name="setup" time="13.820"/>
</testsuite> <!-- testCase.Dropdown -->
